<?xml version="1.0" encoding="UTF-8"?>
<testsuite xmlns:xsi="http://www.w3.org/2001/XMLSchema-instance" xsi:noNamespaceSchemaLocation="https://maven.apache.org/surefire/maven-surefire-plugin/xsd/surefire-test-report-3.0.xsd" version="3.0" name="com.example.batch.processor.MixedFileConverterTest" time="0.125" tests="3" errors="0" skipped="0" failures="0">
  <properties>
[...]
</properties>
  <testcase name="testMixedFileConversion_JISToUTF8_ByteBased" classname="com.example.batch.processor.MixedFileConverterTest" time="0.098">
    <system-out><![CDATA[2026-02-13 00:37:32.624 [main] INFO  c.example.batch.param.BatchParameter - パラメータファイル読み込み開始: /var/folders/_h/2y2ddkms2jl3g48sn832x7500000gn/T/mixed-file-test-12453552303426449284/parameter.properties
2026-02-13 00:37:32.628 [main] INFO  c.example.batch.param.BatchParameter - ========== パラメータ内容 ==========
2026-02-13 00:37:32.628 [main] INFO  c.example.batch.param.BatchParameter - ファイルID: FILE_D
2026-02-13 00:37:32.628 [main] INFO  c.example.batch.param.BatchParameter - 入力ファイルパス: /var/folders/_h/2y2ddkms2jl3g48sn832x7500000gn/T/mixed-file-test-12453552303426449284/input.txt
2026-02-13 00:37:32.628 [main] INFO  c.example.batch.param.BatchParameter - 出力ファイルパス: /var/folders/_h/2y2ddkms2jl3g48sn832x7500000gn/T/mixed-file-test-12453552303426449284/output.txt
2026-02-13 00:37:32.628 [main] INFO  c.example.batch.param.BatchParameter - 変換元1バイト文字コード: JIS_X0201
2026-02-13 00:37:32.628 [main] INFO  c.example.batch.param.BatchParameter - 変換元2バイト文字コード: ISO-2022-JP
2026-02-13 00:37:32.628 [main] INFO  c.example.batch.param.BatchParameter - 変換先1バイト文字コード: UTF-8
2026-02-13 00:37:32.628 [main] INFO  c.example.batch.param.BatchParameter - 変換先2バイト文字コード: UTF-8
2026-02-13 00:37:32.628 [main] INFO  c.example.batch.param.BatchParameter - 漢字変換実施: true
2026-02-13 00:37:32.629 [main] INFO  c.example.batch.param.BatchParameter - ====================================
2026-02-13 00:37:32.629 [main] INFO  c.example.batch.param.BatchParameter - パラメータファイル読み込み完了
2026-02-13 00:37:32.629 [main] INFO  c.e.b.processor.MixedFileConverter - ========== 混合ファイル変換処理開始 ==========
2026-02-13 00:37:32.629 [main] INFO  c.e.b.processor.MixedFileConverter - ファイルタイプ: FILE_D
2026-02-13 00:37:32.629 [main] INFO  c.e.b.processor.MixedFileConverter - 入力ファイル: /var/folders/_h/2y2ddkms2jl3g48sn832x7500000gn/T/mixed-file-test-12453552303426449284/input.txt
2026-02-13 00:37:32.629 [main] INFO  c.e.b.processor.MixedFileConverter - 出力ファイル: /var/folders/_h/2y2ddkms2jl3g48sn832x7500000gn/T/mixed-file-test-12453552303426449284/output.txt
2026-02-13 00:37:32.629 [main] INFO  c.e.b.processor.MixedFileConverter - 変換元1バイト文字コード: JIS_X0201
2026-02-13 00:37:32.629 [main] INFO  c.e.b.processor.MixedFileConverter - 変換元2バイト文字コード: ISO-2022-JP
2026-02-13 00:37:32.629 [main] INFO  c.e.b.processor.MixedFileConverter - 変換先1バイト文字コード: UTF-8
2026-02-13 00:37:32.629 [main] INFO  c.e.b.processor.MixedFileConverter - 変換先2バイト文字コード: UTF-8
2026-02-13 00:37:32.630 [main] INFO  c.e.b.processor.MixedFileConverter - 入力ファイル読み込み完了: 1140 bytes
2026-02-13 00:37:32.630 [main] DEBUG com.example.batch.util.CodeConverter - 文字コード変換開始: JIS_X0201 -> UTF-8 (380 bytes)
2026-02-13 00:37:32.631 [main] DEBUG com.example.batch.util.CodeConverter - 文字コード変換完了: 380 bytes -> 380 bytes
2026-02-13 00:37:32.631 [main] DEBUG com.example.batch.util.CodeConverter - 文字コード変換開始: JIS_X0201 -> UTF-8 (80 bytes)
2026-02-13 00:37:32.631 [main] DEBUG com.example.batch.util.CodeConverter - 文字コード変換完了: 80 bytes -> 80 bytes
2026-02-13 00:37:32.631 [main] DEBUG com.example.batch.util.CodeConverter - 漢字文字コード変換開始: ISO-2022-JP -> UTF-8 (50 bytes)
2026-02-13 00:37:32.631 [main] DEBUG com.example.batch.util.CodeConverter - ESCシーケンス付与: 50 bytes -> 56 bytes
2026-02-13 00:37:32.632 [main] DEBUG com.example.batch.util.CodeConverter - 漢字文字コード変換完了: 50 bytes -> 75 bytes
2026-02-13 00:37:32.633 [main] DEBUG com.example.batch.util.CodeConverter - 文字コード変換開始: JIS_X0201 -> UTF-8 (70 bytes)
2026-02-13 00:37:32.633 [main] DEBUG com.example.batch.util.CodeConverter - 文字コード変換完了: 70 bytes -> 70 bytes
2026-02-13 00:37:32.633 [main] DEBUG com.example.batch.util.CodeConverter - 漢字文字コード変換開始: ISO-2022-JP -> UTF-8 (50 bytes)
2026-02-13 00:37:32.633 [main] DEBUG com.example.batch.util.CodeConverter - ESCシーケンス付与: 50 bytes -> 56 bytes
2026-02-13 00:37:32.633 [main] DEBUG com.example.batch.util.CodeConverter - 漢字文字コード変換完了: 50 bytes -> 75 bytes
2026-02-13 00:37:32.633 [main] DEBUG com.example.batch.util.CodeConverter - 文字コード変換開始: JIS_X0201 -> UTF-8 (130 bytes)
2026-02-13 00:37:32.633 [main] DEBUG com.example.batch.util.CodeConverter - 文字コード変換完了: 130 bytes -> 130 bytes
2026-02-13 00:37:32.633 [main] DEBUG com.example.batch.util.CodeConverter - 文字コード変換開始: JIS_X0201 -> UTF-8 (380 bytes)
2026-02-13 00:37:32.633 [main] DEBUG com.example.batch.util.CodeConverter - 文字コード変換完了: 380 bytes -> 380 bytes
2026-02-13 00:37:32.633 [main] INFO  c.e.b.processor.MixedFileConverter - 文字コード変換完了: 1140 bytes -> 1190 bytes
2026-02-13 00:37:32.634 [main] INFO  c.e.b.processor.MixedFileConverter - 出力ファイル書き込み完了: 1190 bytes
2026-02-13 00:37:32.634 [main] INFO  c.e.b.processor.MixedFileConverter - ========== 混合ファイル変換処理完了 ==========
]]></system-out>
  </testcase>
  <testcase name="testMixedFileConversion_UTF8ToJIS_CharacterBased" classname="com.example.batch.processor.MixedFileConverterTest" time="0.002">
    <system-out><![CDATA[2026-02-13 00:37:32.636 [main] INFO  c.example.batch.param.BatchParameter - パラメータファイル読み込み開始: /var/folders/_h/2y2ddkms2jl3g48sn832x7500000gn/T/mixed-file-test-14150558993590164278/parameter.properties
2026-02-13 00:37:32.636 [main] INFO  c.example.batch.param.BatchParameter - ========== パラメータ内容 ==========
2026-02-13 00:37:32.636 [main] INFO  c.example.batch.param.BatchParameter - ファイルID: FILE_C
2026-02-13 00:37:32.636 [main] INFO  c.example.batch.param.BatchParameter - 入力ファイルパス: /var/folders/_h/2y2ddkms2jl3g48sn832x7500000gn/T/mixed-file-test-14150558993590164278/input.txt
2026-02-13 00:37:32.636 [main] INFO  c.example.batch.param.BatchParameter - 出力ファイルパス: /var/folders/_h/2y2ddkms2jl3g48sn832x7500000gn/T/mixed-file-test-14150558993590164278/output.txt
2026-02-13 00:37:32.636 [main] INFO  c.example.batch.param.BatchParameter - 変換元1バイト文字コード: UTF-8
2026-02-13 00:37:32.636 [main] INFO  c.example.batch.param.BatchParameter - 変換元2バイト文字コード: UTF-8
2026-02-13 00:37:32.636 [main] INFO  c.example.batch.param.BatchParameter - 変換先1バイト文字コード: JIS_X0201
2026-02-13 00:37:32.637 [main] INFO  c.example.batch.param.BatchParameter - 変換先2バイト文字コード: ISO-2022-JP
2026-02-13 00:37:32.637 [main] INFO  c.example.batch.param.BatchParameter - 漢字変換実施: true
2026-02-13 00:37:32.637 [main] INFO  c.example.batch.param.BatchParameter - ====================================
2026-02-13 00:37:32.637 [main] INFO  c.example.batch.param.BatchParameter - パラメータファイル読み込み完了
2026-02-13 00:37:32.637 [main] INFO  c.e.b.processor.MixedFileConverter - ========== 混合ファイル変換処理開始 ==========
2026-02-13 00:37:32.637 [main] INFO  c.e.b.processor.MixedFileConverter - ファイルタイプ: FILE_C
2026-02-13 00:37:32.637 [main] INFO  c.e.b.processor.MixedFileConverter - 入力ファイル: /var/folders/_h/2y2ddkms2jl3g48sn832x7500000gn/T/mixed-file-test-14150558993590164278/input.txt
2026-02-13 00:37:32.637 [main] INFO  c.e.b.processor.MixedFileConverter - 出力ファイル: /var/folders/_h/2y2ddkms2jl3g48sn832x7500000gn/T/mixed-file-test-14150558993590164278/output.txt
2026-02-13 00:37:32.638 [main] INFO  c.e.b.processor.MixedFileConverter - 変換元1バイト文字コード: UTF-8
2026-02-13 00:37:32.638 [main] INFO  c.e.b.processor.MixedFileConverter - 変換元2バイト文字コード: UTF-8
2026-02-13 00:37:32.638 [main] INFO  c.e.b.processor.MixedFileConverter - 変換先1バイト文字コード: JIS_X0201
2026-02-13 00:37:32.638 [main] INFO  c.e.b.processor.MixedFileConverter - 変換先2バイト文字コード: ISO-2022-JP
2026-02-13 00:37:32.638 [main] INFO  c.e.b.processor.MixedFileConverter - 入力ファイル読み込み完了: 1310 bytes
2026-02-13 00:37:32.638 [main] DEBUG com.example.batch.util.CodeConverter - 文字コード変換開始: UTF-8 -> JIS_X0201 (380 bytes)
2026-02-13 00:37:32.639 [main] DEBUG com.example.batch.util.CodeConverter - 文字コード変換完了: 380 bytes -> 380 bytes
2026-02-13 00:37:32.640 [main] DEBUG com.example.batch.util.CodeConverter - 文字コード変換開始: UTF-8 -> JIS_X0201 (52 bytes)
2026-02-13 00:37:32.641 [main] DEBUG com.example.batch.util.CodeConverter - 文字コード変換完了: 52 bytes -> 50 bytes
2026-02-13 00:37:32.641 [main] DEBUG com.example.batch.util.CodeConverter - 漢字文字コード変換開始: UTF-8 -> ISO-2022-JP (148 bytes)
2026-02-13 00:37:32.642 [main] DEBUG com.example.batch.util.CodeConverter - ESCシーケンス除去: 105 bytes -> 99 bytes
2026-02-13 00:37:32.642 [main] DEBUG com.example.batch.util.CodeConverter - 漢字文字コード変換完了: 148 bytes -> 99 bytes
2026-02-13 00:37:32.642 [main] DEBUG com.example.batch.util.CodeConverter - 文字コード変換開始: UTF-8 -> JIS_X0201 (52 bytes)
2026-02-13 00:37:32.642 [main] DEBUG com.example.batch.util.CodeConverter - 文字コード変換完了: 52 bytes -> 50 bytes
2026-02-13 00:37:32.642 [main] DEBUG com.example.batch.util.CodeConverter - 漢字文字コード変換開始: UTF-8 -> ISO-2022-JP (148 bytes)
2026-02-13 00:37:32.642 [main] DEBUG com.example.batch.util.CodeConverter - ESCシーケンス除去: 105 bytes -> 99 bytes
2026-02-13 00:37:32.642 [main] DEBUG com.example.batch.util.CodeConverter - 漢字文字コード変換完了: 148 bytes -> 99 bytes
2026-02-13 00:37:32.642 [main] DEBUG com.example.batch.util.CodeConverter - 文字コード変換開始: UTF-8 -> JIS_X0201 (150 bytes)
2026-02-13 00:37:32.642 [main] DEBUG com.example.batch.util.CodeConverter - 文字コード変換完了: 150 bytes -> 150 bytes
2026-02-13 00:37:32.642 [main] DEBUG com.example.batch.util.CodeConverter - 文字コード変換開始: UTF-8 -> JIS_X0201 (380 bytes)
2026-02-13 00:37:32.642 [main] DEBUG com.example.batch.util.CodeConverter - 文字コード変換完了: 380 bytes -> 380 bytes
2026-02-13 00:37:32.642 [main] INFO  c.e.b.processor.MixedFileConverter - 文字コード変換完了: 1310 bytes -> 1208 bytes
2026-02-13 00:37:32.643 [main] INFO  c.e.b.processor.MixedFileConverter - 出力ファイル書き込み完了: 1208 bytes
2026-02-13 00:37:32.643 [main] INFO  c.e.b.processor.MixedFileConverter - ========== 混合ファイル変換処理完了 ==========
]]></system-out>
  </testcase>
  <testcase name="testMixedFileConversion_NoKanjiConversion" classname="com.example.batch.processor.MixedFileConverterTest" time="0.002">
    <system-out><![CDATA[2026-02-13 00:37:32.644 [main] INFO  c.example.batch.param.BatchParameter - パラメータファイル読み込み開始: /var/folders/_h/2y2ddkms2jl3g48sn832x7500000gn/T/mixed-file-test-9192820313130890597/parameter.properties
2026-02-13 00:37:32.644 [main] INFO  c.example.batch.param.BatchParameter - 2バイト文字コードが同一のため漢字変換をスキップします: UTF-8
2026-02-13 00:37:32.644 [main] INFO  c.example.batch.param.BatchParameter - ========== パラメータ内容 ==========
2026-02-13 00:37:32.644 [main] INFO  c.example.batch.param.BatchParameter - ファイルID: FILE_C
2026-02-13 00:37:32.644 [main] INFO  c.example.batch.param.BatchParameter - 入力ファイルパス: /var/folders/_h/2y2ddkms2jl3g48sn832x7500000gn/T/mixed-file-test-9192820313130890597/input.txt
2026-02-13 00:37:32.644 [main] INFO  c.example.batch.param.BatchParameter - 出力ファイルパス: /var/folders/_h/2y2ddkms2jl3g48sn832x7500000gn/T/mixed-file-test-9192820313130890597/output.txt
2026-02-13 00:37:32.644 [main] INFO  c.example.batch.param.BatchParameter - 変換元1バイト文字コード: UTF-8
2026-02-13 00:37:32.644 [main] INFO  c.example.batch.param.BatchParameter - 変換元2バイト文字コード: UTF-8
2026-02-13 00:37:32.644 [main] INFO  c.example.batch.param.BatchParameter - 変換先1バイト文字コード: UTF-8
2026-02-13 00:37:32.644 [main] INFO  c.example.batch.param.BatchParameter - 変換先2バイト文字コード: UTF-8
2026-02-13 00:37:32.644 [main] INFO  c.example.batch.param.BatchParameter - 漢字変換実施: false
2026-02-13 00:37:32.644 [main] INFO  c.example.batch.param.BatchParameter - ====================================
2026-02-13 00:37:32.644 [main] INFO  c.example.batch.param.BatchParameter - パラメータファイル読み込み完了
2026-02-13 00:37:32.644 [main] INFO  c.e.b.processor.MixedFileConverter - ========== 混合ファイル変換処理開始 ==========
2026-02-13 00:37:32.645 [main] INFO  c.e.b.processor.MixedFileConverter - ファイルタイプ: FILE_C
2026-02-13 00:37:32.645 [main] INFO  c.e.b.processor.MixedFileConverter - 入力ファイル: /var/folders/_h/2y2ddkms2jl3g48sn832x7500000gn/T/mixed-file-test-9192820313130890597/input.txt
2026-02-13 00:37:32.645 [main] INFO  c.e.b.processor.MixedFileConverter - 出力ファイル: /var/folders/_h/2y2ddkms2jl3g48sn832x7500000gn/T/mixed-file-test-9192820313130890597/output.txt
2026-02-13 00:37:32.645 [main] INFO  c.e.b.processor.MixedFileConverter - 変換元1バイト文字コード: UTF-8
2026-02-13 00:37:32.645 [main] INFO  c.e.b.processor.MixedFileConverter - 変換元2バイト文字コード: UTF-8
2026-02-13 00:37:32.645 [main] INFO  c.e.b.processor.MixedFileConverter - 変換先1バイト文字コード: UTF-8
2026-02-13 00:37:32.645 [main] INFO  c.e.b.processor.MixedFileConverter - 変換先2バイト文字コード: UTF-8
2026-02-13 00:37:32.645 [main] INFO  c.e.b.processor.MixedFileConverter - 入力ファイル読み込み完了: 1310 bytes
2026-02-13 00:37:32.645 [main] DEBUG com.example.batch.util.CodeConverter - 文字コード変換開始: UTF-8 -> UTF-8 (380 bytes)
2026-02-13 00:37:32.645 [main] DEBUG com.example.batch.util.CodeConverter - 文字コード変換完了: 380 bytes -> 380 bytes
2026-02-13 00:37:32.645 [main] DEBUG com.example.batch.util.CodeConverter - 文字コード変換開始: UTF-8 -> UTF-8 (52 bytes)
2026-02-13 00:37:32.645 [main] DEBUG com.example.batch.util.CodeConverter - 文字コード変換完了: 52 bytes -> 52 bytes
2026-02-13 00:37:32.645 [main] DEBUG com.example.batch.util.CodeConverter - 文字コード変換開始: UTF-8 -> UTF-8 (52 bytes)
2026-02-13 00:37:32.645 [main] DEBUG com.example.batch.util.CodeConverter - 文字コード変換完了: 52 bytes -> 52 bytes
2026-02-13 00:37:32.645 [main] DEBUG com.example.batch.util.CodeConverter - 文字コード変換開始: UTF-8 -> UTF-8 (150 bytes)
2026-02-13 00:37:32.645 [main] DEBUG com.example.batch.util.CodeConverter - 文字コード変換完了: 150 bytes -> 150 bytes
2026-02-13 00:37:32.646 [main] DEBUG com.example.batch.util.CodeConverter - 文字コード変換開始: UTF-8 -> UTF-8 (380 bytes)
2026-02-13 00:37:32.646 [main] DEBUG com.example.batch.util.CodeConverter - 文字コード変換完了: 380 bytes -> 380 bytes
2026-02-13 00:37:32.646 [main] INFO  c.e.b.processor.MixedFileConverter - 文字コード変換完了: 1310 bytes -> 1310 bytes
2026-02-13 00:37:32.646 [main] INFO  c.e.b.processor.MixedFileConverter - 出力ファイル書き込み完了: 1310 bytes
2026-02-13 00:37:32.646 [main] INFO  c.e.b.processor.MixedFileConverter - ========== 混合ファイル変換処理完了 ==========
]]></system-out>
  </testcase>
</testsuite>