<?xml version="1.0" encoding="UTF-8"?>
<testsuite xmlns:xsi="http://www.w3.org/2001/XMLSchema-instance" xsi:noNamespaceSchemaLocation="https://maven.apache.org/surefire/maven-surefire-plugin/xsd/surefire-test-report-3.0.xsd" version="3.0" name="com.example.batch.processor.VariableLengthConverterTest" time="0.001" tests="2" errors="0" skipped="0" failures="0">
  <properties>
[...]
</properties>
  <testcase name="testVariableLengthConversion_UTF8ToJIS" classname="com.example.batch.processor.VariableLengthConverterTest" time="0.0">
    <system-out><![CDATA[2026-02-13 00:37:32.649 [main] INFO  c.example.batch.param.BatchParameter - パラメータファイル読み込み開始: /var/folders/_h/2y2ddkms2jl3g48sn832x7500000gn/T/variable-length-test-15795716693087949248/parameter.properties
2026-02-13 00:37:32.649 [main] INFO  c.example.batch.param.BatchParameter - ========== パラメータ内容 ==========
2026-02-13 00:37:32.649 [main] INFO  c.example.batch.param.BatchParameter - ファイルID: FILE_E
2026-02-13 00:37:32.649 [main] INFO  c.example.batch.param.BatchParameter - 入力ファイルパス: /var/folders/_h/2y2ddkms2jl3g48sn832x7500000gn/T/variable-length-test-15795716693087949248/input.dat
2026-02-13 00:37:32.649 [main] INFO  c.example.batch.param.BatchParameter - 出力ファイルパス: /var/folders/_h/2y2ddkms2jl3g48sn832x7500000gn/T/variable-length-test-15795716693087949248/output.dat
2026-02-13 00:37:32.649 [main] INFO  c.example.batch.param.BatchParameter - 変換元1バイト文字コード: UTF-8
2026-02-13 00:37:32.649 [main] INFO  c.example.batch.param.BatchParameter - 変換元2バイト文字コード: (未設定)
2026-02-13 00:37:32.649 [main] INFO  c.example.batch.param.BatchParameter - 変換先1バイト文字コード: JIS_X0201
2026-02-13 00:37:32.649 [main] INFO  c.example.batch.param.BatchParameter - 変換先2バイト文字コード: (未設定)
2026-02-13 00:37:32.649 [main] INFO  c.example.batch.param.BatchParameter - 漢字変換実施: false
2026-02-13 00:37:32.649 [main] INFO  c.example.batch.param.BatchParameter - ====================================
2026-02-13 00:37:32.649 [main] INFO  c.example.batch.param.BatchParameter - パラメータファイル読み込み完了
2026-02-13 00:37:32.650 [main] INFO  c.e.b.p.VariableLengthConverter - ========== 可変長ファイル変換処理開始 ==========
2026-02-13 00:37:32.650 [main] INFO  c.e.b.p.VariableLengthConverter - ファイルタイプ: FILE_E
2026-02-13 00:37:32.650 [main] INFO  c.e.b.p.VariableLengthConverter - 入力ファイル: /var/folders/_h/2y2ddkms2jl3g48sn832x7500000gn/T/variable-length-test-15795716693087949248/input.dat
2026-02-13 00:37:32.650 [main] INFO  c.e.b.p.VariableLengthConverter - 出力ファイル: /var/folders/_h/2y2ddkms2jl3g48sn832x7500000gn/T/variable-length-test-15795716693087949248/output.dat
2026-02-13 00:37:32.650 [main] INFO  c.e.b.p.VariableLengthConverter - 変換元文字コード: UTF-8
2026-02-13 00:37:32.650 [main] INFO  c.e.b.p.VariableLengthConverter - 変換先文字コード: JIS_X0201
2026-02-13 00:37:32.650 [main] INFO  c.e.b.p.VariableLengthConverter - 入力ファイル読み込み完了: 63 bytes
2026-02-13 00:37:32.650 [main] DEBUG com.example.batch.util.CodeConverter - 文字コード変換開始: UTF-8 -> JIS_X0201 (26 bytes)
2026-02-13 00:37:32.650 [main] DEBUG com.example.batch.util.CodeConverter - 文字コード変換完了: 26 bytes -> 26 bytes
2026-02-13 00:37:32.650 [main] DEBUG com.example.batch.util.CodeConverter - 文字コード変換開始: UTF-8 -> JIS_X0201 (26 bytes)
2026-02-13 00:37:32.650 [main] DEBUG com.example.batch.util.CodeConverter - 文字コード変換完了: 26 bytes -> 26 bytes
2026-02-13 00:37:32.650 [main] INFO  c.e.b.p.VariableLengthConverter - 文字コード変換完了: 63 bytes -> 63 bytes
2026-02-13 00:37:32.651 [main] INFO  c.e.b.p.VariableLengthConverter - 出力ファイル書き込み完了: 63 bytes
2026-02-13 00:37:32.651 [main] INFO  c.e.b.p.VariableLengthConverter - ========== 可変長ファイル変換処理完了 ==========
]]></system-out>
  </testcase>
  <testcase name="testVariableLengthConversion_JISToUTF8" classname="com.example.batch.processor.VariableLengthConverterTest" time="0.001">
    <system-out><![CDATA[2026-02-13 00:37:32.652 [main] INFO  c.example.batch.param.BatchParameter - パラメータファイル読み込み開始: /var/folders/_h/2y2ddkms2jl3g48sn832x7500000gn/T/variable-length-test-14486978586812209078/parameter.properties
2026-02-13 00:37:32.652 [main] INFO  c.example.batch.param.BatchParameter - ========== パラメータ内容 ==========
2026-02-13 00:37:32.652 [main] INFO  c.example.batch.param.BatchParameter - ファイルID: FILE_F
2026-02-13 00:37:32.652 [main] INFO  c.example.batch.param.BatchParameter - 入力ファイルパス: /var/folders/_h/2y2ddkms2jl3g48sn832x7500000gn/T/variable-length-test-14486978586812209078/input.dat
2026-02-13 00:37:32.652 [main] INFO  c.example.batch.param.BatchParameter - 出力ファイルパス: /var/folders/_h/2y2ddkms2jl3g48sn832x7500000gn/T/variable-length-test-14486978586812209078/output.dat
2026-02-13 00:37:32.652 [main] INFO  c.example.batch.param.BatchParameter - 変換元1バイト文字コード: JIS_X0201
2026-02-13 00:37:32.652 [main] INFO  c.example.batch.param.BatchParameter - 変換元2バイト文字コード: (未設定)
2026-02-13 00:37:32.652 [main] INFO  c.example.batch.param.BatchParameter - 変換先1バイト文字コード: UTF-8
2026-02-13 00:37:32.652 [main] INFO  c.example.batch.param.BatchParameter - 変換先2バイト文字コード: (未設定)
2026-02-13 00:37:32.652 [main] INFO  c.example.batch.param.BatchParameter - 漢字変換実施: false
2026-02-13 00:37:32.652 [main] INFO  c.example.batch.param.BatchParameter - ====================================
2026-02-13 00:37:32.652 [main] INFO  c.example.batch.param.BatchParameter - パラメータファイル読み込み完了
2026-02-13 00:37:32.652 [main] INFO  c.e.b.p.VariableLengthConverter - ========== 可変長ファイル変換処理開始 ==========
2026-02-13 00:37:32.652 [main] INFO  c.e.b.p.VariableLengthConverter - ファイルタイプ: FILE_F
2026-02-13 00:37:32.652 [main] INFO  c.e.b.p.VariableLengthConverter - 入力ファイル: /var/folders/_h/2y2ddkms2jl3g48sn832x7500000gn/T/variable-length-test-14486978586812209078/input.dat
2026-02-13 00:37:32.652 [main] INFO  c.e.b.p.VariableLengthConverter - 出力ファイル: /var/folders/_h/2y2ddkms2jl3g48sn832x7500000gn/T/variable-length-test-14486978586812209078/output.dat
2026-02-13 00:37:32.652 [main] INFO  c.e.b.p.VariableLengthConverter - 変換元文字コード: JIS_X0201
2026-02-13 00:37:32.652 [main] INFO  c.e.b.p.VariableLengthConverter - 変換先文字コード: UTF-8
2026-02-13 00:37:32.653 [main] INFO  c.e.b.p.VariableLengthConverter - 入力ファイル読み込み完了: 57 bytes
2026-02-13 00:37:32.653 [main] DEBUG com.example.batch.util.CodeConverter - 文字コード変換開始: JIS_X0201 -> UTF-8 (26 bytes)
2026-02-13 00:37:32.653 [main] DEBUG com.example.batch.util.CodeConverter - 文字コード変換完了: 26 bytes -> 26 bytes
2026-02-13 00:37:32.653 [main] DEBUG com.example.batch.util.CodeConverter - 文字コード変換開始: JIS_X0201 -> UTF-8 (20 bytes)
2026-02-13 00:37:32.653 [main] DEBUG com.example.batch.util.CodeConverter - 文字コード変換完了: 20 bytes -> 20 bytes
2026-02-13 00:37:32.653 [main] INFO  c.e.b.p.VariableLengthConverter - 文字コード変換完了: 57 bytes -> 57 bytes
2026-02-13 00:37:32.653 [main] INFO  c.e.b.p.VariableLengthConverter - 出力ファイル書き込み完了: 57 bytes
2026-02-13 00:37:32.653 [main] INFO  c.e.b.p.VariableLengthConverter - ========== 可変長ファイル変換処理完了 ==========
]]></system-out>
  </testcase>
</testsuite>